{"/home/ninja/Desktop/Wisdom-Build/Wisdom-build/index.js": {"path":"/home/ninja/Desktop/Wisdom-Build/Wisdom-build/index.js","statementMap":{"0":{"start":{"line":1,"column":0},"end":{"line":1,"column":31}},"1":{"start":{"line":2,"column":16},"end":{"line":2,"column":34}},"2":{"start":{"line":3,"column":12},"end":{"line":3,"column":21}},"3":{"start":{"line":4,"column":15},"end":{"line":4,"column":32}},"4":{"start":{"line":5,"column":15},"end":{"line":5,"column":43}},"5":{"start":{"line":7,"column":0},"end":{"line":7,"column":28}},"6":{"start":{"line":8,"column":0},"end":{"line":8,"column":32}},"7":{"start":{"line":10,"column":13},"end":{"line":10,"column":39}},"8":{"start":{"line":11,"column":15},"end":{"line":11,"column":90}},"9":{"start":{"line":11,"column":38},"end":{"line":11,"column":89}},"10":{"start":{"line":13,"column":0},"end":{"line":13,"column":23}}},"fnMap":{"0":{"name":"(anonymous_0)","decl":{"start":{"line":11,"column":32},"end":{"line":11,"column":33}},"loc":{"start":{"line":11,"column":38},"end":{"line":11,"column":89}},"line":11}},"branchMap":{"0":{"loc":{"start":{"line":10,"column":13},"end":{"line":10,"column":39}},"type":"binary-expr","locations":[{"start":{"line":10,"column":13},"end":{"line":10,"column":31}},{"start":{"line":10,"column":35},"end":{"line":10,"column":39}}],"line":10}},"s":{"0":1,"1":1,"2":1,"3":1,"4":1,"5":1,"6":1,"7":1,"8":1,"9":1,"10":1},"f":{"0":1},"b":{"0":[1,0]},"_coverageSchema":"1a1c01bbd47fc00a2c39e90264f33305004495a9","hash":"a8590c4fb9233bac8e8b62c0734394ba57ba2007"}
,"/home/ninja/Desktop/Wisdom-Build/Wisdom-build/controllers/authController.js": {"path":"/home/ninja/Desktop/Wisdom-Build/Wisdom-build/controllers/authController.js","statementMap":{"0":{"start":{"line":1,"column":13},"end":{"line":1,"column":38}},"1":{"start":{"line":2,"column":35},"end":{"line":2,"column":63}},"2":{"start":{"line":3,"column":0},"end":{"line":3,"column":26}},"3":{"start":{"line":4,"column":32},"end":{"line":4,"column":61}},"4":{"start":{"line":5,"column":12},"end":{"line":5,"column":35}},"5":{"start":{"line":8,"column":0},"end":{"line":30,"column":1}},"6":{"start":{"line":9,"column":16},"end":{"line":9,"column":31}},"7":{"start":{"line":10,"column":2},"end":{"line":29,"column":3}},"8":{"start":{"line":11,"column":4},"end":{"line":25,"column":6}},"9":{"start":{"line":12,"column":6},"end":{"line":24,"column":7}},"10":{"start":{"line":13,"column":8},"end":{"line":13,"column":35}},"11":{"start":{"line":14,"column":8},"end":{"line":14,"column":42}},"12":{"start":{"line":16,"column":8},"end":{"line":16,"column":31}},"13":{"start":{"line":17,"column":8},"end":{"line":23,"column":12}},"14":{"start":{"line":19,"column":12},"end":{"line":19,"column":30}},"15":{"start":{"line":22,"column":12},"end":{"line":22,"column":28}},"16":{"start":{"line":27,"column":4},"end":{"line":27,"column":47}},"17":{"start":{"line":28,"column":4},"end":{"line":28,"column":38}},"18":{"start":{"line":32,"column":0},"end":{"line":39,"column":1}},"19":{"start":{"line":33,"column":16},"end":{"line":33,"column":31}},"20":{"start":{"line":34,"column":2},"end":{"line":37,"column":3}},"21":{"start":{"line":35,"column":4},"end":{"line":35,"column":59}},"22":{"start":{"line":36,"column":4},"end":{"line":36,"column":10}},"23":{"start":{"line":38,"column":2},"end":{"line":38,"column":30}},"24":{"start":{"line":41,"column":0},"end":{"line":54,"column":1}},"25":{"start":{"line":42,"column":30},"end":{"line":42,"column":38}},"26":{"start":{"line":43,"column":15},"end":{"line":43,"column":48}},"27":{"start":{"line":44,"column":2},"end":{"line":53,"column":3}},"28":{"start":{"line":45,"column":18},"end":{"line":45,"column":39}},"29":{"start":{"line":46,"column":4},"end":{"line":46,"column":71}},"30":{"start":{"line":48,"column":4},"end":{"line":48,"column":48}},"31":{"start":{"line":50,"column":4},"end":{"line":52,"column":5}},"32":{"start":{"line":51,"column":6},"end":{"line":51,"column":41}},"33":{"start":{"line":57,"column":0},"end":{"line":60,"column":1}},"34":{"start":{"line":58,"column":2},"end":{"line":58,"column":38}},"35":{"start":{"line":59,"column":2},"end":{"line":59,"column":29}},"36":{"start":{"line":62,"column":0},"end":{"line":69,"column":1}},"37":{"start":{"line":63,"column":16},"end":{"line":63,"column":31}},"38":{"start":{"line":64,"column":2},"end":{"line":67,"column":3}},"39":{"start":{"line":65,"column":4},"end":{"line":65,"column":59}},"40":{"start":{"line":66,"column":4},"end":{"line":66,"column":10}},"41":{"start":{"line":68,"column":2},"end":{"line":68,"column":31}},"42":{"start":{"line":72,"column":0},"end":{"line":117,"column":1}},"43":{"start":{"line":81,"column":19},"end":{"line":81,"column":40}},"44":{"start":{"line":84,"column":17},"end":{"line":88,"column":6}},"45":{"start":{"line":89,"column":22},"end":{"line":89,"column":63}},"46":{"start":{"line":90,"column":4},"end":{"line":115,"column":5}},"47":{"start":{"line":92,"column":6},"end":{"line":96,"column":8}},"48":{"start":{"line":97,"column":6},"end":{"line":97,"column":12}},"49":{"start":{"line":100,"column":6},"end":{"line":114,"column":7}},"50":{"start":{"line":103,"column":8},"end":{"line":109,"column":9}},"51":{"start":{"line":104,"column":10},"end":{"line":104,"column":27}},"52":{"start":{"line":105,"column":24},"end":{"line":105,"column":45}},"53":{"start":{"line":106,"column":10},"end":{"line":106,"column":54}},"54":{"start":{"line":108,"column":10},"end":{"line":108,"column":33}},"55":{"start":{"line":110,"column":8},"end":{"line":110,"column":26}},"56":{"start":{"line":113,"column":8},"end":{"line":113,"column":65}}},"fnMap":{"0":{"name":"(anonymous_0)","decl":{"start":{"line":8,"column":33},"end":{"line":8,"column":34}},"loc":{"start":{"line":8,"column":47},"end":{"line":30,"column":1}},"line":8},"1":{"name":"(anonymous_1)","decl":{"start":{"line":11,"column":42},"end":{"line":11,"column":43}},"loc":{"start":{"line":11,"column":65},"end":{"line":25,"column":5}},"line":11},"2":{"name":"(anonymous_2)","decl":{"start":{"line":18,"column":16},"end":{"line":18,"column":17}},"loc":{"start":{"line":18,"column":26},"end":{"line":20,"column":11}},"line":18},"3":{"name":"(anonymous_3)","decl":{"start":{"line":21,"column":17},"end":{"line":21,"column":18}},"loc":{"start":{"line":21,"column":26},"end":{"line":23,"column":11}},"line":21},"4":{"name":"(anonymous_4)","decl":{"start":{"line":32,"column":27},"end":{"line":32,"column":28}},"loc":{"start":{"line":32,"column":41},"end":{"line":39,"column":1}},"line":32},"5":{"name":"(anonymous_5)","decl":{"start":{"line":41,"column":28},"end":{"line":41,"column":29}},"loc":{"start":{"line":41,"column":48},"end":{"line":54,"column":1}},"line":41},"6":{"name":"(anonymous_6)","decl":{"start":{"line":57,"column":28},"end":{"line":57,"column":29}},"loc":{"start":{"line":57,"column":48},"end":{"line":60,"column":1}},"line":57},"7":{"name":"(anonymous_7)","decl":{"start":{"line":62,"column":28},"end":{"line":62,"column":29}},"loc":{"start":{"line":62,"column":42},"end":{"line":69,"column":1}},"line":62},"8":{"name":"(anonymous_8)","decl":{"start":{"line":79,"column":2},"end":{"line":79,"column":3}},"loc":{"start":{"line":79,"column":28},"end":{"line":116,"column":3}},"line":79}},"branchMap":{"0":{"loc":{"start":{"line":10,"column":2},"end":{"line":29,"column":3}},"type":"if","locations":[{"start":{"line":10,"column":2},"end":{"line":29,"column":3}},{"start":{"line":26,"column":9},"end":{"line":29,"column":3}}],"line":10},"1":{"loc":{"start":{"line":12,"column":6},"end":{"line":24,"column":7}},"type":"if","locations":[{"start":{"line":12,"column":6},"end":{"line":24,"column":7}},{"start":{"line":15,"column":13},"end":{"line":24,"column":7}}],"line":12},"2":{"loc":{"start":{"line":34,"column":2},"end":{"line":37,"column":3}},"type":"if","locations":[{"start":{"line":34,"column":2},"end":{"line":37,"column":3}},{"start":{},"end":{}}],"line":34},"3":{"loc":{"start":{"line":44,"column":2},"end":{"line":53,"column":3}},"type":"if","locations":[{"start":{"line":44,"column":2},"end":{"line":53,"column":3}},{"start":{"line":49,"column":9},"end":{"line":53,"column":3}}],"line":44},"4":{"loc":{"start":{"line":50,"column":4},"end":{"line":52,"column":5}},"type":"if","locations":[{"start":{"line":50,"column":4},"end":{"line":52,"column":5}},{"start":{},"end":{}}],"line":50},"5":{"loc":{"start":{"line":50,"column":8},"end":{"line":50,"column":67}},"type":"binary-expr","locations":[{"start":{"line":50,"column":8},"end":{"line":50,"column":34}},{"start":{"line":50,"column":38},"end":{"line":50,"column":67}}],"line":50},"6":{"loc":{"start":{"line":64,"column":2},"end":{"line":67,"column":3}},"type":"if","locations":[{"start":{"line":64,"column":2},"end":{"line":67,"column":3}},{"start":{},"end":{}}],"line":64},"7":{"loc":{"start":{"line":90,"column":4},"end":{"line":115,"column":5}},"type":"if","locations":[{"start":{"line":90,"column":4},"end":{"line":115,"column":5}},{"start":{"line":98,"column":11},"end":{"line":115,"column":5}}],"line":90},"8":{"loc":{"start":{"line":100,"column":6},"end":{"line":114,"column":7}},"type":"if","locations":[{"start":{"line":100,"column":6},"end":{"line":114,"column":7}},{"start":{"line":112,"column":13},"end":{"line":114,"column":7}}],"line":100}},"s":{"0":1,"1":1,"2":1,"3":1,"4":1,"5":1,"6":0,"7":0,"8":0,"9":0,"10":0,"11":0,"12":0,"13":0,"14":0,"15":0,"16":0,"17":0,"18":1,"19":0,"20":0,"21":0,"22":0,"23":0,"24":1,"25":0,"26":0,"27":0,"28":0,"29":0,"30":0,"31":0,"32":0,"33":1,"34":0,"35":0,"36":1,"37":0,"38":0,"39":0,"40":0,"41":0,"42":1,"43":0,"44":0,"45":0,"46":0,"47":0,"48":0,"49":0,"50":0,"51":0,"52":0,"53":0,"54":0,"55":0,"56":0},"f":{"0":0,"1":0,"2":0,"3":0,"4":0,"5":0,"6":0,"7":0,"8":0},"b":{"0":[0,0],"1":[0,0],"2":[0,0],"3":[0,0],"4":[0,0],"5":[0,0],"6":[0,0],"7":[0,0],"8":[0,0]},"_coverageSchema":"1a1c01bbd47fc00a2c39e90264f33305004495a9","hash":"ee5bf1258966c8dbd68df2e40b9caf6eed0636d6"}
,"/home/ninja/Desktop/Wisdom-Build/Wisdom-build/controllers/commentsController.js": {"path":"/home/ninja/Desktop/Wisdom-Build/Wisdom-build/controllers/commentsController.js","statementMap":{"0":{"start":{"line":1,"column":14},"end":{"line":1,"column":41}},"1":{"start":{"line":2,"column":35},"end":{"line":2,"column":63}},"2":{"start":{"line":3,"column":13},"end":{"line":3,"column":38}},"3":{"start":{"line":4,"column":16},"end":{"line":4,"column":44}},"4":{"start":{"line":5,"column":13},"end":{"line":5,"column":38}},"5":{"start":{"line":9,"column":0},"end":{"line":14,"column":1}},"6":{"start":{"line":10,"column":22},"end":{"line":10,"column":72}},"7":{"start":{"line":11,"column":2},"end":{"line":13,"column":4}},"8":{"start":{"line":18,"column":0},"end":{"line":29,"column":1}},"9":{"start":{"line":19,"column":20},"end":{"line":19,"column":96}},"10":{"start":{"line":20,"column":2},"end":{"line":24,"column":3}},"11":{"start":{"line":21,"column":16},"end":{"line":21,"column":44}},"12":{"start":{"line":22,"column":4},"end":{"line":22,"column":19}},"13":{"start":{"line":23,"column":4},"end":{"line":23,"column":20}},"14":{"start":{"line":25,"column":2},"end":{"line":28,"column":4}},"15":{"start":{"line":33,"column":0},"end":{"line":35,"column":1}},"16":{"start":{"line":34,"column":2},"end":{"line":34,"column":51}},"17":{"start":{"line":38,"column":0},"end":{"line":74,"column":1}},"18":{"start":{"line":49,"column":19},"end":{"line":49,"column":40}},"19":{"start":{"line":52,"column":20},"end":{"line":56,"column":6}},"20":{"start":{"line":57,"column":4},"end":{"line":72,"column":5}},"21":{"start":{"line":59,"column":6},"end":{"line":59,"column":33}},"22":{"start":{"line":60,"column":6},"end":{"line":63,"column":8}},"23":{"start":{"line":64,"column":6},"end":{"line":64,"column":12}},"24":{"start":{"line":69,"column":6},"end":{"line":69,"column":26}},"25":{"start":{"line":71,"column":6},"end":{"line":71,"column":52}},"26":{"start":{"line":78,"column":0},"end":{"line":87,"column":1}},"27":{"start":{"line":80,"column":20},"end":{"line":80,"column":79}},"28":{"start":{"line":81,"column":2},"end":{"line":84,"column":3}},"29":{"start":{"line":83,"column":4},"end":{"line":83,"column":42}},"30":{"start":{"line":86,"column":2},"end":{"line":86,"column":23}},"31":{"start":{"line":90,"column":0},"end":{"line":100,"column":1}},"32":{"start":{"line":92,"column":20},"end":{"line":92,"column":79}},"33":{"start":{"line":93,"column":2},"end":{"line":95,"column":3}},"34":{"start":{"line":94,"column":4},"end":{"line":94,"column":42}},"35":{"start":{"line":96,"column":2},"end":{"line":96,"column":49}},"36":{"start":{"line":97,"column":2},"end":{"line":97,"column":48}},"37":{"start":{"line":99,"column":2},"end":{"line":99,"column":36}},"38":{"start":{"line":104,"column":0},"end":{"line":117,"column":1}},"39":{"start":{"line":105,"column":18},"end":{"line":105,"column":62}},"40":{"start":{"line":106,"column":2},"end":{"line":112,"column":3}},"41":{"start":{"line":108,"column":4},"end":{"line":108,"column":71}},"42":{"start":{"line":109,"column":16},"end":{"line":109,"column":46}},"43":{"start":{"line":110,"column":4},"end":{"line":110,"column":20}},"44":{"start":{"line":111,"column":4},"end":{"line":111,"column":20}},"45":{"start":{"line":113,"column":2},"end":{"line":116,"column":4}},"46":{"start":{"line":121,"column":0},"end":{"line":155,"column":1}},"47":{"start":{"line":132,"column":19},"end":{"line":132,"column":40}},"48":{"start":{"line":135,"column":20},"end":{"line":138,"column":6}},"49":{"start":{"line":140,"column":4},"end":{"line":153,"column":5}},"50":{"start":{"line":142,"column":6},"end":{"line":146,"column":8}},"51":{"start":{"line":147,"column":6},"end":{"line":147,"column":12}},"52":{"start":{"line":150,"column":29},"end":{"line":150,"column":88}},"53":{"start":{"line":152,"column":6},"end":{"line":152,"column":54}}},"fnMap":{"0":{"name":"(anonymous_0)","decl":{"start":{"line":9,"column":23},"end":{"line":9,"column":24}},"loc":{"start":{"line":9,"column":43},"end":{"line":14,"column":1}},"line":9},"1":{"name":"(anonymous_1)","decl":{"start":{"line":18,"column":25},"end":{"line":18,"column":26}},"loc":{"start":{"line":18,"column":51},"end":{"line":29,"column":1}},"line":18},"2":{"name":"(anonymous_2)","decl":{"start":{"line":33,"column":29},"end":{"line":33,"column":30}},"loc":{"start":{"line":33,"column":49},"end":{"line":35,"column":1}},"line":33},"3":{"name":"(anonymous_3)","decl":{"start":{"line":47,"column":2},"end":{"line":47,"column":3}},"loc":{"start":{"line":47,"column":28},"end":{"line":73,"column":3}},"line":47},"4":{"name":"(anonymous_4)","decl":{"start":{"line":78,"column":29},"end":{"line":78,"column":30}},"loc":{"start":{"line":78,"column":55},"end":{"line":87,"column":1}},"line":78},"5":{"name":"(anonymous_5)","decl":{"start":{"line":90,"column":30},"end":{"line":90,"column":31}},"loc":{"start":{"line":90,"column":56},"end":{"line":100,"column":1}},"line":90},"6":{"name":"(anonymous_6)","decl":{"start":{"line":104,"column":29},"end":{"line":104,"column":30}},"loc":{"start":{"line":104,"column":55},"end":{"line":117,"column":1}},"line":104},"7":{"name":"(anonymous_7)","decl":{"start":{"line":130,"column":2},"end":{"line":130,"column":3}},"loc":{"start":{"line":130,"column":28},"end":{"line":154,"column":3}},"line":130}},"branchMap":{"0":{"loc":{"start":{"line":20,"column":2},"end":{"line":24,"column":3}},"type":"if","locations":[{"start":{"line":20,"column":2},"end":{"line":24,"column":3}},{"start":{},"end":{}}],"line":20},"1":{"loc":{"start":{"line":57,"column":4},"end":{"line":72,"column":5}},"type":"if","locations":[{"start":{"line":57,"column":4},"end":{"line":72,"column":5}},{"start":{"line":65,"column":11},"end":{"line":72,"column":5}}],"line":57},"2":{"loc":{"start":{"line":81,"column":2},"end":{"line":84,"column":3}},"type":"if","locations":[{"start":{"line":81,"column":2},"end":{"line":84,"column":3}},{"start":{},"end":{}}],"line":81},"3":{"loc":{"start":{"line":93,"column":2},"end":{"line":95,"column":3}},"type":"if","locations":[{"start":{"line":93,"column":2},"end":{"line":95,"column":3}},{"start":{},"end":{}}],"line":93},"4":{"loc":{"start":{"line":106,"column":2},"end":{"line":112,"column":3}},"type":"if","locations":[{"start":{"line":106,"column":2},"end":{"line":112,"column":3}},{"start":{},"end":{}}],"line":106},"5":{"loc":{"start":{"line":140,"column":4},"end":{"line":153,"column":5}},"type":"if","locations":[{"start":{"line":140,"column":4},"end":{"line":153,"column":5}},{"start":{"line":148,"column":11},"end":{"line":153,"column":5}}],"line":140}},"s":{"0":1,"1":1,"2":1,"3":1,"4":1,"5":1,"6":0,"7":0,"8":1,"9":0,"10":0,"11":0,"12":0,"13":0,"14":0,"15":1,"16":0,"17":1,"18":0,"19":0,"20":0,"21":0,"22":0,"23":0,"24":0,"25":0,"26":1,"27":0,"28":0,"29":0,"30":0,"31":1,"32":0,"33":0,"34":0,"35":0,"36":0,"37":0,"38":1,"39":0,"40":0,"41":0,"42":0,"43":0,"44":0,"45":0,"46":1,"47":0,"48":0,"49":0,"50":0,"51":0,"52":0,"53":0},"f":{"0":0,"1":0,"2":0,"3":0,"4":0,"5":0,"6":0,"7":0},"b":{"0":[0,0],"1":[0,0],"2":[0,0],"3":[0,0],"4":[0,0],"5":[0,0]},"_coverageSchema":"1a1c01bbd47fc00a2c39e90264f33305004495a9","hash":"fbe9bea2e753e9aa3a216e8a4730e926f8ea4796"}
,"/home/ninja/Desktop/Wisdom-Build/Wisdom-build/controllers/postController.js": {"path":"/home/ninja/Desktop/Wisdom-Build/Wisdom-build/controllers/postController.js","statementMap":{"0":{"start":{"line":1,"column":14},"end":{"line":1,"column":38}},"1":{"start":{"line":2,"column":35},"end":{"line":2,"column":63}},"2":{"start":{"line":3,"column":13},"end":{"line":3,"column":38}},"3":{"start":{"line":4,"column":16},"end":{"line":4,"column":44}},"4":{"start":{"line":5,"column":13},"end":{"line":5,"column":38}},"5":{"start":{"line":6,"column":17},"end":{"line":6,"column":36}},"6":{"start":{"line":7,"column":15},"end":{"line":7,"column":44}},"7":{"start":{"line":10,"column":0},"end":{"line":16,"column":1}},"8":{"start":{"line":11,"column":19},"end":{"line":11,"column":84}},"9":{"start":{"line":12,"column":2},"end":{"line":15,"column":4}},"10":{"start":{"line":19,"column":0},"end":{"line":35,"column":1}},"11":{"start":{"line":20,"column":36},"end":{"line":23,"column":4}},"12":{"start":{"line":24,"column":2},"end":{"line":24,"column":89}},"13":{"start":{"line":24,"column":13},"end":{"line":24,"column":89}},"14":{"start":{"line":30,"column":2},"end":{"line":34,"column":4}},"15":{"start":{"line":38,"column":0},"end":{"line":40,"column":1}},"16":{"start":{"line":39,"column":2},"end":{"line":39,"column":48}},"17":{"start":{"line":43,"column":0},"end":{"line":72,"column":1}},"18":{"start":{"line":50,"column":19},"end":{"line":50,"column":40}},"19":{"start":{"line":51,"column":17},"end":{"line":55,"column":6}},"20":{"start":{"line":56,"column":4},"end":{"line":70,"column":5}},"21":{"start":{"line":57,"column":6},"end":{"line":61,"column":8}},"22":{"start":{"line":62,"column":6},"end":{"line":62,"column":12}},"23":{"start":{"line":67,"column":6},"end":{"line":67,"column":23}},"24":{"start":{"line":69,"column":6},"end":{"line":69,"column":44}},"25":{"start":{"line":75,"column":0},"end":{"line":91,"column":1}},"26":{"start":{"line":77,"column":36},"end":{"line":80,"column":4}},"27":{"start":{"line":81,"column":2},"end":{"line":84,"column":3}},"28":{"start":{"line":83,"column":4},"end":{"line":83,"column":42}},"29":{"start":{"line":86,"column":2},"end":{"line":90,"column":4}},"30":{"start":{"line":94,"column":0},"end":{"line":112,"column":1}},"31":{"start":{"line":96,"column":36},"end":{"line":99,"column":4}},"32":{"start":{"line":100,"column":2},"end":{"line":102,"column":3}},"33":{"start":{"line":101,"column":4},"end":{"line":101,"column":42}},"34":{"start":{"line":103,"column":2},"end":{"line":103,"column":45}},"35":{"start":{"line":105,"column":2},"end":{"line":109,"column":3}},"36":{"start":{"line":106,"column":4},"end":{"line":108,"column":6}},"37":{"start":{"line":107,"column":6},"end":{"line":107,"column":50}},"38":{"start":{"line":111,"column":2},"end":{"line":111,"column":36}},"39":{"start":{"line":115,"column":0},"end":{"line":129,"column":1}},"40":{"start":{"line":116,"column":2},"end":{"line":116,"column":27}},"41":{"start":{"line":117,"column":15},"end":{"line":117,"column":56}},"42":{"start":{"line":118,"column":2},"end":{"line":124,"column":3}},"43":{"start":{"line":120,"column":4},"end":{"line":120,"column":71}},"44":{"start":{"line":121,"column":16},"end":{"line":121,"column":43}},"45":{"start":{"line":122,"column":4},"end":{"line":122,"column":20}},"46":{"start":{"line":123,"column":4},"end":{"line":123,"column":20}},"47":{"start":{"line":125,"column":2},"end":{"line":128,"column":4}},"48":{"start":{"line":132,"column":0},"end":{"line":169,"column":1}},"49":{"start":{"line":144,"column":19},"end":{"line":144,"column":40}},"50":{"start":{"line":147,"column":17},"end":{"line":152,"column":6}},"51":{"start":{"line":154,"column":4},"end":{"line":167,"column":5}},"52":{"start":{"line":156,"column":6},"end":{"line":160,"column":8}},"53":{"start":{"line":161,"column":6},"end":{"line":161,"column":12}},"54":{"start":{"line":164,"column":26},"end":{"line":164,"column":79}},"55":{"start":{"line":166,"column":6},"end":{"line":166,"column":44}},"56":{"start":{"line":172,"column":0},"end":{"line":176,"column":1}},"57":{"start":{"line":173,"column":15},"end":{"line":173,"column":95}},"58":{"start":{"line":174,"column":2},"end":{"line":174,"column":79}},"59":{"start":{"line":174,"column":13},"end":{"line":174,"column":79}},"60":{"start":{"line":175,"column":2},"end":{"line":175,"column":16}},"61":{"start":{"line":179,"column":0},"end":{"line":183,"column":1}},"62":{"start":{"line":180,"column":15},"end":{"line":180,"column":95}},"63":{"start":{"line":181,"column":2},"end":{"line":181,"column":79}},"64":{"start":{"line":181,"column":13},"end":{"line":181,"column":79}},"65":{"start":{"line":182,"column":2},"end":{"line":182,"column":16}},"66":{"start":{"line":186,"column":0},"end":{"line":190,"column":1}},"67":{"start":{"line":187,"column":15},"end":{"line":187,"column":101}},"68":{"start":{"line":188,"column":2},"end":{"line":188,"column":79}},"69":{"start":{"line":188,"column":13},"end":{"line":188,"column":79}},"70":{"start":{"line":189,"column":2},"end":{"line":189,"column":16}}},"fnMap":{"0":{"name":"(anonymous_0)","decl":{"start":{"line":10,"column":20},"end":{"line":10,"column":21}},"loc":{"start":{"line":10,"column":40},"end":{"line":16,"column":1}},"line":10},"1":{"name":"(anonymous_1)","decl":{"start":{"line":19,"column":22},"end":{"line":19,"column":23}},"loc":{"start":{"line":19,"column":48},"end":{"line":35,"column":1}},"line":19},"2":{"name":"(anonymous_2)","decl":{"start":{"line":38,"column":26},"end":{"line":38,"column":27}},"loc":{"start":{"line":38,"column":46},"end":{"line":40,"column":1}},"line":38},"3":{"name":"(anonymous_3)","decl":{"start":{"line":49,"column":2},"end":{"line":49,"column":3}},"loc":{"start":{"line":49,"column":28},"end":{"line":71,"column":3}},"line":49},"4":{"name":"(anonymous_4)","decl":{"start":{"line":75,"column":26},"end":{"line":75,"column":27}},"loc":{"start":{"line":75,"column":52},"end":{"line":91,"column":1}},"line":75},"5":{"name":"(anonymous_5)","decl":{"start":{"line":94,"column":27},"end":{"line":94,"column":28}},"loc":{"start":{"line":94,"column":53},"end":{"line":112,"column":1}},"line":94},"6":{"name":"(anonymous_6)","decl":{"start":{"line":106,"column":26},"end":{"line":106,"column":27}},"loc":{"start":{"line":106,"column":45},"end":{"line":108,"column":5}},"line":106},"7":{"name":"(anonymous_7)","decl":{"start":{"line":115,"column":26},"end":{"line":115,"column":27}},"loc":{"start":{"line":115,"column":52},"end":{"line":129,"column":1}},"line":115},"8":{"name":"(anonymous_8)","decl":{"start":{"line":142,"column":2},"end":{"line":142,"column":3}},"loc":{"start":{"line":142,"column":28},"end":{"line":168,"column":3}},"line":142},"9":{"name":"(anonymous_9)","decl":{"start":{"line":172,"column":36},"end":{"line":172,"column":37}},"loc":{"start":{"line":172,"column":56},"end":{"line":176,"column":1}},"line":172},"10":{"name":"(anonymous_10)","decl":{"start":{"line":179,"column":39},"end":{"line":179,"column":40}},"loc":{"start":{"line":179,"column":59},"end":{"line":183,"column":1}},"line":179},"11":{"name":"(anonymous_11)","decl":{"start":{"line":186,"column":35},"end":{"line":186,"column":36}},"loc":{"start":{"line":186,"column":55},"end":{"line":190,"column":1}},"line":186}},"branchMap":{"0":{"loc":{"start":{"line":24,"column":2},"end":{"line":24,"column":89}},"type":"if","locations":[{"start":{"line":24,"column":2},"end":{"line":24,"column":89}},{"start":{},"end":{}}],"line":24},"1":{"loc":{"start":{"line":56,"column":4},"end":{"line":70,"column":5}},"type":"if","locations":[{"start":{"line":56,"column":4},"end":{"line":70,"column":5}},{"start":{"line":63,"column":11},"end":{"line":70,"column":5}}],"line":56},"2":{"loc":{"start":{"line":81,"column":2},"end":{"line":84,"column":3}},"type":"if","locations":[{"start":{"line":81,"column":2},"end":{"line":84,"column":3}},{"start":{},"end":{}}],"line":81},"3":{"loc":{"start":{"line":100,"column":2},"end":{"line":102,"column":3}},"type":"if","locations":[{"start":{"line":100,"column":2},"end":{"line":102,"column":3}},{"start":{},"end":{}}],"line":100},"4":{"loc":{"start":{"line":105,"column":2},"end":{"line":109,"column":3}},"type":"if","locations":[{"start":{"line":105,"column":2},"end":{"line":109,"column":3}},{"start":{},"end":{}}],"line":105},"5":{"loc":{"start":{"line":118,"column":2},"end":{"line":124,"column":3}},"type":"if","locations":[{"start":{"line":118,"column":2},"end":{"line":124,"column":3}},{"start":{},"end":{}}],"line":118},"6":{"loc":{"start":{"line":154,"column":4},"end":{"line":167,"column":5}},"type":"if","locations":[{"start":{"line":154,"column":4},"end":{"line":167,"column":5}},{"start":{"line":162,"column":11},"end":{"line":167,"column":5}}],"line":154},"7":{"loc":{"start":{"line":174,"column":2},"end":{"line":174,"column":79}},"type":"if","locations":[{"start":{"line":174,"column":2},"end":{"line":174,"column":79}},{"start":{},"end":{}}],"line":174},"8":{"loc":{"start":{"line":181,"column":2},"end":{"line":181,"column":79}},"type":"if","locations":[{"start":{"line":181,"column":2},"end":{"line":181,"column":79}},{"start":{},"end":{}}],"line":181},"9":{"loc":{"start":{"line":188,"column":2},"end":{"line":188,"column":79}},"type":"if","locations":[{"start":{"line":188,"column":2},"end":{"line":188,"column":79}},{"start":{},"end":{}}],"line":188}},"s":{"0":1,"1":1,"2":1,"3":1,"4":1,"5":1,"6":1,"7":1,"8":0,"9":0,"10":1,"11":0,"12":0,"13":0,"14":0,"15":1,"16":0,"17":1,"18":0,"19":0,"20":0,"21":0,"22":0,"23":0,"24":0,"25":1,"26":0,"27":0,"28":0,"29":0,"30":1,"31":0,"32":0,"33":0,"34":0,"35":0,"36":0,"37":0,"38":0,"39":1,"40":0,"41":0,"42":0,"43":0,"44":0,"45":0,"46":0,"47":0,"48":1,"49":0,"50":0,"51":0,"52":0,"53":0,"54":0,"55":0,"56":1,"57":0,"58":0,"59":0,"60":0,"61":1,"62":0,"63":0,"64":0,"65":0,"66":1,"67":0,"68":0,"69":0,"70":0},"f":{"0":0,"1":0,"2":0,"3":0,"4":0,"5":0,"6":0,"7":0,"8":0,"9":0,"10":0,"11":0},"b":{"0":[0,0],"1":[0,0],"2":[0,0],"3":[0,0],"4":[0,0],"5":[0,0],"6":[0,0],"7":[0,0],"8":[0,0],"9":[0,0]},"_coverageSchema":"1a1c01bbd47fc00a2c39e90264f33305004495a9","hash":"f2ebe24ecf95211331cf8abd0f9e9a62d4923176"}
,"/home/ninja/Desktop/Wisdom-Build/Wisdom-build/controllers/userController.js": {"path":"/home/ninja/Desktop/Wisdom-Build/Wisdom-build/controllers/userController.js","statementMap":{"0":{"start":{"line":1,"column":35},"end":{"line":1,"column":63}},"1":{"start":{"line":2,"column":13},"end":{"line":2,"column":38}},"2":{"start":{"line":3,"column":13},"end":{"line":3,"column":38}},"3":{"start":{"line":6,"column":0},"end":{"line":12,"column":1}},"4":{"start":{"line":7,"column":19},"end":{"line":7,"column":65}},"5":{"start":{"line":8,"column":2},"end":{"line":11,"column":4}},"6":{"start":{"line":15,"column":0},"end":{"line":31,"column":1}},"7":{"start":{"line":17,"column":33},"end":{"line":20,"column":4}},"8":{"start":{"line":21,"column":2},"end":{"line":25,"column":3}},"9":{"start":{"line":22,"column":16},"end":{"line":22,"column":41}},"10":{"start":{"line":23,"column":4},"end":{"line":23,"column":49}},"11":{"start":{"line":24,"column":4},"end":{"line":24,"column":20}},"12":{"start":{"line":26,"column":2},"end":{"line":30,"column":4}},"13":{"start":{"line":34,"column":0},"end":{"line":36,"column":1}},"14":{"start":{"line":35,"column":2},"end":{"line":35,"column":48}},"15":{"start":{"line":39,"column":0},"end":{"line":57,"column":1}},"16":{"start":{"line":42,"column":33},"end":{"line":45,"column":4}},"17":{"start":{"line":46,"column":2},"end":{"line":46,"column":19}},"18":{"start":{"line":47,"column":2},"end":{"line":50,"column":3}},"19":{"start":{"line":49,"column":4},"end":{"line":49,"column":24}},"20":{"start":{"line":52,"column":2},"end":{"line":56,"column":4}},"21":{"start":{"line":60,"column":0},"end":{"line":81,"column":1}},"22":{"start":{"line":62,"column":33},"end":{"line":65,"column":4}},"23":{"start":{"line":66,"column":2},"end":{"line":68,"column":3}},"24":{"start":{"line":67,"column":4},"end":{"line":67,"column":42}},"25":{"start":{"line":69,"column":2},"end":{"line":80,"column":3}},"26":{"start":{"line":71,"column":4},"end":{"line":75,"column":6}},"27":{"start":{"line":78,"column":4},"end":{"line":78,"column":47}},"28":{"start":{"line":79,"column":4},"end":{"line":79,"column":38}},"29":{"start":{"line":84,"column":0},"end":{"line":97,"column":1}},"30":{"start":{"line":85,"column":15},"end":{"line":85,"column":56}},"31":{"start":{"line":86,"column":2},"end":{"line":92,"column":3}},"32":{"start":{"line":88,"column":4},"end":{"line":88,"column":73}},"33":{"start":{"line":89,"column":16},"end":{"line":89,"column":43}},"34":{"start":{"line":90,"column":4},"end":{"line":90,"column":20}},"35":{"start":{"line":91,"column":4},"end":{"line":91,"column":20}},"36":{"start":{"line":93,"column":2},"end":{"line":96,"column":4}},"37":{"start":{"line":100,"column":0},"end":{"line":135,"column":1}},"38":{"start":{"line":109,"column":19},"end":{"line":109,"column":40}},"39":{"start":{"line":112,"column":17},"end":{"line":117,"column":6}},"40":{"start":{"line":119,"column":4},"end":{"line":133,"column":5}},"41":{"start":{"line":121,"column":6},"end":{"line":125,"column":8}},"42":{"start":{"line":126,"column":6},"end":{"line":126,"column":12}},"43":{"start":{"line":129,"column":6},"end":{"line":129,"column":32}},"44":{"start":{"line":130,"column":26},"end":{"line":130,"column":79}},"45":{"start":{"line":132,"column":6},"end":{"line":132,"column":44}}},"fnMap":{"0":{"name":"(anonymous_0)","decl":{"start":{"line":6,"column":20},"end":{"line":6,"column":21}},"loc":{"start":{"line":6,"column":46},"end":{"line":12,"column":1}},"line":6},"1":{"name":"(anonymous_1)","decl":{"start":{"line":15,"column":22},"end":{"line":15,"column":23}},"loc":{"start":{"line":15,"column":48},"end":{"line":31,"column":1}},"line":15},"2":{"name":"(anonymous_2)","decl":{"start":{"line":34,"column":26},"end":{"line":34,"column":27}},"loc":{"start":{"line":34,"column":46},"end":{"line":36,"column":1}},"line":34},"3":{"name":"(anonymous_3)","decl":{"start":{"line":39,"column":26},"end":{"line":39,"column":27}},"loc":{"start":{"line":39,"column":52},"end":{"line":57,"column":1}},"line":39},"4":{"name":"(anonymous_4)","decl":{"start":{"line":60,"column":27},"end":{"line":60,"column":28}},"loc":{"start":{"line":60,"column":53},"end":{"line":81,"column":1}},"line":60},"5":{"name":"(anonymous_5)","decl":{"start":{"line":84,"column":26},"end":{"line":84,"column":27}},"loc":{"start":{"line":84,"column":52},"end":{"line":97,"column":1}},"line":84},"6":{"name":"(anonymous_6)","decl":{"start":{"line":107,"column":2},"end":{"line":107,"column":3}},"loc":{"start":{"line":107,"column":28},"end":{"line":134,"column":3}},"line":107}},"branchMap":{"0":{"loc":{"start":{"line":21,"column":2},"end":{"line":25,"column":3}},"type":"if","locations":[{"start":{"line":21,"column":2},"end":{"line":25,"column":3}},{"start":{},"end":{}}],"line":21},"1":{"loc":{"start":{"line":47,"column":2},"end":{"line":50,"column":3}},"type":"if","locations":[{"start":{"line":47,"column":2},"end":{"line":50,"column":3}},{"start":{},"end":{}}],"line":47},"2":{"loc":{"start":{"line":66,"column":2},"end":{"line":68,"column":3}},"type":"if","locations":[{"start":{"line":66,"column":2},"end":{"line":68,"column":3}},{"start":{},"end":{}}],"line":66},"3":{"loc":{"start":{"line":69,"column":2},"end":{"line":80,"column":3}},"type":"if","locations":[{"start":{"line":69,"column":2},"end":{"line":80,"column":3}},{"start":{"line":76,"column":9},"end":{"line":80,"column":3}}],"line":69},"4":{"loc":{"start":{"line":86,"column":2},"end":{"line":92,"column":3}},"type":"if","locations":[{"start":{"line":86,"column":2},"end":{"line":92,"column":3}},{"start":{},"end":{}}],"line":86},"5":{"loc":{"start":{"line":119,"column":4},"end":{"line":133,"column":5}},"type":"if","locations":[{"start":{"line":119,"column":4},"end":{"line":133,"column":5}},{"start":{"line":127,"column":11},"end":{"line":133,"column":5}}],"line":119}},"s":{"0":1,"1":1,"2":1,"3":1,"4":0,"5":0,"6":1,"7":0,"8":0,"9":0,"10":0,"11":0,"12":0,"13":1,"14":0,"15":1,"16":0,"17":0,"18":0,"19":0,"20":0,"21":1,"22":0,"23":0,"24":0,"25":0,"26":0,"27":0,"28":0,"29":1,"30":0,"31":0,"32":0,"33":0,"34":0,"35":0,"36":0,"37":1,"38":0,"39":0,"40":0,"41":0,"42":0,"43":0,"44":0,"45":0},"f":{"0":0,"1":0,"2":0,"3":0,"4":0,"5":0,"6":0},"b":{"0":[0,0],"1":[0,0],"2":[0,0],"3":[0,0],"4":[0,0],"5":[0,0]},"_coverageSchema":"1a1c01bbd47fc00a2c39e90264f33305004495a9","hash":"e06df612d288c344be49216b7eb684814b8dd13f"}
,"/home/ninja/Desktop/Wisdom-Build/Wisdom-build/middleware/auth.js": {"path":"/home/ninja/Desktop/Wisdom-Build/Wisdom-build/middleware/auth.js","statementMap":{"0":{"start":{"line":1,"column":12},"end":{"line":1,"column":35}},"1":{"start":{"line":2,"column":13},"end":{"line":2,"column":38}},"2":{"start":{"line":3,"column":0},"end":{"line":3,"column":26}},"3":{"start":{"line":4,"column":14},"end":{"line":4,"column":38}},"4":{"start":{"line":5,"column":15},"end":{"line":5,"column":44}},"5":{"start":{"line":8,"column":16},"end":{"line":8,"column":31}},"6":{"start":{"line":10,"column":2},"end":{"line":21,"column":3}},"7":{"start":{"line":11,"column":4},"end":{"line":17,"column":6}},"8":{"start":{"line":12,"column":6},"end":{"line":16,"column":7}},"9":{"start":{"line":13,"column":8},"end":{"line":13,"column":50}},"10":{"start":{"line":15,"column":8},"end":{"line":15,"column":14}},"11":{"start":{"line":19,"column":4},"end":{"line":19,"column":47}},"12":{"start":{"line":20,"column":4},"end":{"line":20,"column":40}},"13":{"start":{"line":24,"column":18},"end":{"line":41,"column":1}},"14":{"start":{"line":25,"column":16},"end":{"line":25,"column":31}},"15":{"start":{"line":26,"column":2},"end":{"line":40,"column":3}},"16":{"start":{"line":27,"column":4},"end":{"line":34,"column":6}},"17":{"start":{"line":28,"column":6},"end":{"line":33,"column":7}},"18":{"start":{"line":29,"column":8},"end":{"line":29,"column":61}},"19":{"start":{"line":31,"column":19},"end":{"line":31,"column":55}},"20":{"start":{"line":32,"column":8},"end":{"line":32,"column":45}},"21":{"start":{"line":36,"column":4},"end":{"line":36,"column":45}},"22":{"start":{"line":38,"column":4},"end":{"line":38,"column":57}},"23":{"start":{"line":39,"column":4},"end":{"line":39,"column":10}},"24":{"start":{"line":43,"column":15},"end":{"line":43,"column":31}},"25":{"start":{"line":45,"column":20},"end":{"line":47,"column":1}},"26":{"start":{"line":46,"column":2},"end":{"line":46,"column":68}},"27":{"start":{"line":49,"column":21},"end":{"line":56,"column":1}},"28":{"start":{"line":50,"column":17},"end":{"line":50,"column":19}},"29":{"start":{"line":51,"column":2},"end":{"line":53,"column":3}},"30":{"start":{"line":52,"column":4},"end":{"line":52,"column":33}},"31":{"start":{"line":55,"column":2},"end":{"line":55,"column":15}},"32":{"start":{"line":57,"column":0},"end":{"line":57,"column":78}}},"fnMap":{"0":{"name":"requireAuth","decl":{"start":{"line":7,"column":9},"end":{"line":7,"column":20}},"loc":{"start":{"line":7,"column":37},"end":{"line":22,"column":1}},"line":7},"1":{"name":"(anonymous_1)","decl":{"start":{"line":11,"column":42},"end":{"line":11,"column":43}},"loc":{"start":{"line":11,"column":65},"end":{"line":17,"column":5}},"line":11},"2":{"name":"(anonymous_2)","decl":{"start":{"line":24,"column":18},"end":{"line":24,"column":19}},"loc":{"start":{"line":24,"column":38},"end":{"line":41,"column":1}},"line":24},"3":{"name":"(anonymous_3)","decl":{"start":{"line":27,"column":42},"end":{"line":27,"column":43}},"loc":{"start":{"line":27,"column":71},"end":{"line":34,"column":5}},"line":27},"4":{"name":"(anonymous_4)","decl":{"start":{"line":45,"column":20},"end":{"line":45,"column":21}},"loc":{"start":{"line":45,"column":28},"end":{"line":47,"column":1}},"line":45},"5":{"name":"(anonymous_5)","decl":{"start":{"line":49,"column":21},"end":{"line":49,"column":22}},"loc":{"start":{"line":49,"column":30},"end":{"line":56,"column":1}},"line":49}},"branchMap":{"0":{"loc":{"start":{"line":10,"column":2},"end":{"line":21,"column":3}},"type":"if","locations":[{"start":{"line":10,"column":2},"end":{"line":21,"column":3}},{"start":{"line":18,"column":9},"end":{"line":21,"column":3}}],"line":10},"1":{"loc":{"start":{"line":12,"column":6},"end":{"line":16,"column":7}},"type":"if","locations":[{"start":{"line":12,"column":6},"end":{"line":16,"column":7}},{"start":{"line":14,"column":13},"end":{"line":16,"column":7}}],"line":12},"2":{"loc":{"start":{"line":26,"column":2},"end":{"line":40,"column":3}},"type":"if","locations":[{"start":{"line":26,"column":2},"end":{"line":40,"column":3}},{"start":{"line":35,"column":9},"end":{"line":40,"column":3}}],"line":26},"3":{"loc":{"start":{"line":28,"column":6},"end":{"line":33,"column":7}},"type":"if","locations":[{"start":{"line":28,"column":6},"end":{"line":33,"column":7}},{"start":{"line":30,"column":13},"end":{"line":33,"column":7}}],"line":28},"4":{"loc":{"start":{"line":51,"column":2},"end":{"line":53,"column":3}},"type":"if","locations":[{"start":{"line":51,"column":2},"end":{"line":53,"column":3}},{"start":{},"end":{}}],"line":51},"5":{"loc":{"start":{"line":51,"column":6},"end":{"line":51,"column":63}},"type":"binary-expr","locations":[{"start":{"line":51,"column":6},"end":{"line":51,"column":31}},{"start":{"line":51,"column":35},"end":{"line":51,"column":63}}],"line":51}},"s":{"0":1,"1":1,"2":1,"3":1,"4":1,"5":0,"6":0,"7":0,"8":0,"9":0,"10":0,"11":0,"12":0,"13":1,"14":3,"15":3,"16":2,"17":2,"18":1,"19":1,"20":1,"21":1,"22":1,"23":0,"24":1,"25":1,"26":4,"27":1,"28":0,"29":0,"30":0,"31":0,"32":1},"f":{"0":0,"1":0,"2":3,"3":2,"4":4,"5":0},"b":{"0":[0,0],"1":[0,0],"2":[2,1],"3":[1,1],"4":[0,0],"5":[0,0]},"_coverageSchema":"1a1c01bbd47fc00a2c39e90264f33305004495a9","hash":"3dc52aca9133f2bc027bc4b16c7ccc8e422847db"}
,"/home/ninja/Desktop/Wisdom-Build/Wisdom-build/middleware/validateObjectId.js": {"path":"/home/ninja/Desktop/Wisdom-Build/Wisdom-build/middleware/validateObjectId.js","statementMap":{"0":{"start":{"line":1,"column":17},"end":{"line":1,"column":36}},"1":{"start":{"line":3,"column":0},"end":{"line":8,"column":1}},"2":{"start":{"line":4,"column":2},"end":{"line":5,"column":47}},"3":{"start":{"line":5,"column":4},"end":{"line":5,"column":47}},"4":{"start":{"line":7,"column":2},"end":{"line":7,"column":9}}},"fnMap":{"0":{"name":"(anonymous_0)","decl":{"start":{"line":3,"column":17},"end":{"line":3,"column":18}},"loc":{"start":{"line":3,"column":42},"end":{"line":8,"column":1}},"line":3}},"branchMap":{"0":{"loc":{"start":{"line":4,"column":2},"end":{"line":5,"column":47}},"type":"if","locations":[{"start":{"line":4,"column":2},"end":{"line":5,"column":47}},{"start":{},"end":{}}],"line":4}},"s":{"0":1,"1":1,"2":0,"3":0,"4":0},"f":{"0":0},"b":{"0":[0,0]},"_coverageSchema":"1a1c01bbd47fc00a2c39e90264f33305004495a9","hash":"0adfc3dc6a4f9589ccf596a4d5dfe90207321174"}
,"/home/ninja/Desktop/Wisdom-Build/Wisdom-build/models/comment.js": {"path":"/home/ninja/Desktop/Wisdom-Build/Wisdom-build/models/comment.js","statementMap":{"0":{"start":{"line":1,"column":17},"end":{"line":1,"column":36}},"1":{"start":{"line":3,"column":15},"end":{"line":3,"column":30}},"2":{"start":{"line":5,"column":22},"end":{"line":11,"column":2}},"3":{"start":{"line":15,"column":0},"end":{"line":17,"column":2}},"4":{"start":{"line":16,"column":2},"end":{"line":16,"column":35}},"5":{"start":{"line":20,"column":0},"end":{"line":25,"column":2}},"6":{"start":{"line":21,"column":20},"end":{"line":23,"column":8}},"7":{"start":{"line":24,"column":2},"end":{"line":24,"column":13}},"8":{"start":{"line":27,"column":0},"end":{"line":27,"column":57}}},"fnMap":{"0":{"name":"(anonymous_0)","decl":{"start":{"line":15,"column":33},"end":{"line":15,"column":34}},"loc":{"start":{"line":15,"column":45},"end":{"line":17,"column":1}},"line":15},"1":{"name":"(anonymous_1)","decl":{"start":{"line":20,"column":44},"end":{"line":20,"column":45}},"loc":{"start":{"line":20,"column":56},"end":{"line":25,"column":1}},"line":20}},"branchMap":{"0":{"loc":{"start":{"line":21,"column":20},"end":{"line":23,"column":8}},"type":"cond-expr","locations":[{"start":{"line":22,"column":6},"end":{"line":22,"column":75}},{"start":{"line":23,"column":6},"end":{"line":23,"column":8}}],"line":21}},"s":{"0":1,"1":1,"2":1,"3":1,"4":0,"5":1,"6":0,"7":0,"8":1},"f":{"0":0,"1":0},"b":{"0":[0,0]},"_coverageSchema":"1a1c01bbd47fc00a2c39e90264f33305004495a9","hash":"a7525f4f1a255b14a1e3fd4b5c91a7de7a8e2757"}
,"/home/ninja/Desktop/Wisdom-Build/Wisdom-build/models/post.js": {"path":"/home/ninja/Desktop/Wisdom-Build/Wisdom-build/models/post.js","statementMap":{"0":{"start":{"line":1,"column":17},"end":{"line":1,"column":36}},"1":{"start":{"line":3,"column":15},"end":{"line":3,"column":30}},"2":{"start":{"line":5,"column":19},"end":{"line":12,"column":2}},"3":{"start":{"line":15,"column":0},"end":{"line":18,"column":2}},"4":{"start":{"line":17,"column":2},"end":{"line":17,"column":29}},"5":{"start":{"line":22,"column":0},"end":{"line":27,"column":2}},"6":{"start":{"line":23,"column":20},"end":{"line":25,"column":8}},"7":{"start":{"line":26,"column":2},"end":{"line":26,"column":13}},"8":{"start":{"line":30,"column":0},"end":{"line":30,"column":51}}},"fnMap":{"0":{"name":"(anonymous_0)","decl":{"start":{"line":15,"column":30},"end":{"line":15,"column":31}},"loc":{"start":{"line":15,"column":42},"end":{"line":18,"column":1}},"line":15},"1":{"name":"(anonymous_1)","decl":{"start":{"line":22,"column":41},"end":{"line":22,"column":42}},"loc":{"start":{"line":22,"column":53},"end":{"line":27,"column":1}},"line":22}},"branchMap":{"0":{"loc":{"start":{"line":23,"column":20},"end":{"line":25,"column":8}},"type":"cond-expr","locations":[{"start":{"line":24,"column":6},"end":{"line":24,"column":75}},{"start":{"line":25,"column":6},"end":{"line":25,"column":8}}],"line":23}},"s":{"0":1,"1":1,"2":1,"3":1,"4":0,"5":1,"6":0,"7":0,"8":1},"f":{"0":0,"1":0},"b":{"0":[0,0]},"_coverageSchema":"1a1c01bbd47fc00a2c39e90264f33305004495a9","hash":"9b72712a0c95363e4f136270a7285b4accab4ffc"}
,"/home/ninja/Desktop/Wisdom-Build/Wisdom-build/models/user.js": {"path":"/home/ninja/Desktop/Wisdom-Build/Wisdom-build/models/user.js","statementMap":{"0":{"start":{"line":1,"column":17},"end":{"line":1,"column":36}},"1":{"start":{"line":2,"column":15},"end":{"line":2,"column":32}},"2":{"start":{"line":5,"column":15},"end":{"line":5,"column":30}},"3":{"start":{"line":7,"column":19},"end":{"line":36,"column":2}},"4":{"start":{"line":21,"column":27},"end":{"line":21,"column":55}},"5":{"start":{"line":22,"column":8},"end":{"line":22,"column":37}},"6":{"start":{"line":38,"column":0},"end":{"line":42,"column":2}},"7":{"start":{"line":39,"column":15},"end":{"line":39,"column":37}},"8":{"start":{"line":40,"column":2},"end":{"line":40,"column":56}},"9":{"start":{"line":41,"column":2},"end":{"line":41,"column":8}},"10":{"start":{"line":44,"column":0},"end":{"line":54,"column":1}},"11":{"start":{"line":45,"column":15},"end":{"line":45,"column":44}},"12":{"start":{"line":46,"column":2},"end":{"line":52,"column":3}},"13":{"start":{"line":47,"column":17},"end":{"line":47,"column":62}},"14":{"start":{"line":48,"column":4},"end":{"line":50,"column":5}},"15":{"start":{"line":49,"column":6},"end":{"line":49,"column":17}},"16":{"start":{"line":51,"column":4},"end":{"line":51,"column":31}},"17":{"start":{"line":53,"column":2},"end":{"line":53,"column":26}},"18":{"start":{"line":57,"column":0},"end":{"line":59,"column":2}},"19":{"start":{"line":58,"column":2},"end":{"line":58,"column":29}},"20":{"start":{"line":62,"column":0},"end":{"line":62,"column":51}}},"fnMap":{"0":{"name":"(anonymous_0)","decl":{"start":{"line":20,"column":17},"end":{"line":20,"column":18}},"loc":{"start":{"line":20,"column":34},"end":{"line":23,"column":7}},"line":20},"1":{"name":"(anonymous_1)","decl":{"start":{"line":38,"column":23},"end":{"line":38,"column":24}},"loc":{"start":{"line":38,"column":45},"end":{"line":42,"column":1}},"line":38},"2":{"name":"(anonymous_2)","decl":{"start":{"line":44,"column":27},"end":{"line":44,"column":28}},"loc":{"start":{"line":44,"column":60},"end":{"line":54,"column":1}},"line":44},"3":{"name":"(anonymous_3)","decl":{"start":{"line":57,"column":30},"end":{"line":57,"column":31}},"loc":{"start":{"line":57,"column":42},"end":{"line":59,"column":1}},"line":57}},"branchMap":{"0":{"loc":{"start":{"line":46,"column":2},"end":{"line":52,"column":3}},"type":"if","locations":[{"start":{"line":46,"column":2},"end":{"line":52,"column":3}},{"start":{},"end":{}}],"line":46},"1":{"loc":{"start":{"line":48,"column":4},"end":{"line":50,"column":5}},"type":"if","locations":[{"start":{"line":48,"column":4},"end":{"line":50,"column":5}},{"start":{},"end":{}}],"line":48}},"s":{"0":1,"1":1,"2":1,"3":1,"4":0,"5":0,"6":1,"7":0,"8":0,"9":0,"10":1,"11":0,"12":0,"13":0,"14":0,"15":0,"16":0,"17":0,"18":1,"19":0,"20":1},"f":{"0":0,"1":0,"2":0,"3":0},"b":{"0":[0,0],"1":[0,0]},"_coverageSchema":"1a1c01bbd47fc00a2c39e90264f33305004495a9","hash":"047cbb432ccf3914d69c46a0723e1583e39f030e"}
,"/home/ninja/Desktop/Wisdom-Build/Wisdom-build/routes/auth.js": {"path":"/home/ninja/Desktop/Wisdom-Build/Wisdom-build/routes/auth.js","statementMap":{"0":{"start":{"line":1,"column":16},"end":{"line":1,"column":34}},"1":{"start":{"line":2,"column":15},"end":{"line":2,"column":31}},"2":{"start":{"line":3,"column":23},"end":{"line":3,"column":63}},"3":{"start":{"line":6,"column":0},"end":{"line":6,"column":48}},"4":{"start":{"line":8,"column":0},"end":{"line":8,"column":50}},"5":{"start":{"line":10,"column":0},"end":{"line":10,"column":46}},"6":{"start":{"line":12,"column":0},"end":{"line":12,"column":48}},"7":{"start":{"line":14,"column":0},"end":{"line":14,"column":48}},"8":{"start":{"line":16,"column":0},"end":{"line":16,"column":54}},"9":{"start":{"line":18,"column":0},"end":{"line":18,"column":23}}},"fnMap":{},"branchMap":{},"s":{"0":1,"1":1,"2":1,"3":1,"4":1,"5":1,"6":1,"7":1,"8":1,"9":1},"f":{},"b":{},"_coverageSchema":"1a1c01bbd47fc00a2c39e90264f33305004495a9","hash":"800639b0a49a61fbb20d3899acd7acc5d6d6eb46"}
,"/home/ninja/Desktop/Wisdom-Build/Wisdom-build/routes/comments.js": {"path":"/home/ninja/Desktop/Wisdom-Build/Wisdom-build/routes/comments.js","statementMap":{"0":{"start":{"line":1,"column":16},"end":{"line":1,"column":34}},"1":{"start":{"line":2,"column":15},"end":{"line":2,"column":31}},"2":{"start":{"line":5,"column":27},"end":{"line":5,"column":71}},"3":{"start":{"line":10,"column":0},"end":{"line":10,"column":60}},"4":{"start":{"line":13,"column":0},"end":{"line":13,"column":62}},"5":{"start":{"line":16,"column":0},"end":{"line":16,"column":64}},"6":{"start":{"line":19,"column":0},"end":{"line":19,"column":66}},"7":{"start":{"line":22,"column":0},"end":{"line":22,"column":64}},"8":{"start":{"line":25,"column":0},"end":{"line":25,"column":66}},"9":{"start":{"line":28,"column":0},"end":{"line":28,"column":53}},"10":{"start":{"line":31,"column":0},"end":{"line":31,"column":48}},"11":{"start":{"line":33,"column":0},"end":{"line":33,"column":23}}},"fnMap":{},"branchMap":{},"s":{"0":1,"1":1,"2":1,"3":1,"4":1,"5":1,"6":1,"7":1,"8":1,"9":1,"10":1,"11":1},"f":{},"b":{},"_coverageSchema":"1a1c01bbd47fc00a2c39e90264f33305004495a9","hash":"b46cf6d2def9cbe1696d737e0a41f8ae1c60fc14"}
,"/home/ninja/Desktop/Wisdom-Build/Wisdom-build/routes/home.js": {"path":"/home/ninja/Desktop/Wisdom-Build/Wisdom-build/routes/home.js","statementMap":{"0":{"start":{"line":1,"column":16},"end":{"line":1,"column":34}},"1":{"start":{"line":2,"column":15},"end":{"line":2,"column":31}},"2":{"start":{"line":4,"column":0},"end":{"line":6,"column":2}},"3":{"start":{"line":5,"column":2},"end":{"line":5,"column":24}},"4":{"start":{"line":8,"column":0},"end":{"line":8,"column":23}}},"fnMap":{"0":{"name":"(anonymous_0)","decl":{"start":{"line":4,"column":16},"end":{"line":4,"column":17}},"loc":{"start":{"line":4,"column":36},"end":{"line":6,"column":1}},"line":4}},"branchMap":{},"s":{"0":1,"1":1,"2":1,"3":0,"4":1},"f":{"0":0},"b":{},"_coverageSchema":"1a1c01bbd47fc00a2c39e90264f33305004495a9","hash":"5c41cf0949410f56f46bd768ff7831524444bee3"}
,"/home/ninja/Desktop/Wisdom-Build/Wisdom-build/routes/posts.js": {"path":"/home/ninja/Desktop/Wisdom-Build/Wisdom-build/routes/posts.js","statementMap":{"0":{"start":{"line":1,"column":16},"end":{"line":1,"column":34}},"1":{"start":{"line":2,"column":15},"end":{"line":2,"column":31}},"2":{"start":{"line":3,"column":22},"end":{"line":3,"column":63}},"3":{"start":{"line":6,"column":24},"end":{"line":6,"column":64}},"4":{"start":{"line":11,"column":0},"end":{"line":11,"column":54}},"5":{"start":{"line":14,"column":0},"end":{"line":14,"column":56}},"6":{"start":{"line":17,"column":0},"end":{"line":17,"column":58}},"7":{"start":{"line":20,"column":0},"end":{"line":20,"column":60}},"8":{"start":{"line":23,"column":0},"end":{"line":23,"column":58}},"9":{"start":{"line":26,"column":0},"end":{"line":26,"column":60}},"10":{"start":{"line":29,"column":0},"end":{"line":29,"column":63}},"11":{"start":{"line":32,"column":0},"end":{"line":32,"column":42}},"12":{"start":{"line":35,"column":0},"end":{"line":35,"column":71}},"13":{"start":{"line":36,"column":0},"end":{"line":36,"column":77}},"14":{"start":{"line":40,"column":0},"end":{"line":40,"column":69}},"15":{"start":{"line":42,"column":0},"end":{"line":42,"column":23}}},"fnMap":{},"branchMap":{},"s":{"0":1,"1":1,"2":1,"3":1,"4":1,"5":1,"6":1,"7":1,"8":1,"9":1,"10":1,"11":1,"12":1,"13":1,"14":1,"15":1},"f":{},"b":{},"_coverageSchema":"1a1c01bbd47fc00a2c39e90264f33305004495a9","hash":"d5beca07ba5e8dfdbe71166a26877bcc0af6130b"}
,"/home/ninja/Desktop/Wisdom-Build/Wisdom-build/routes/users.js": {"path":"/home/ninja/Desktop/Wisdom-Build/Wisdom-build/routes/users.js","statementMap":{"0":{"start":{"line":1,"column":16},"end":{"line":1,"column":34}},"1":{"start":{"line":2,"column":15},"end":{"line":2,"column":31}},"2":{"start":{"line":3,"column":35},"end":{"line":3,"column":64}},"3":{"start":{"line":6,"column":24},"end":{"line":6,"column":64}},"4":{"start":{"line":16,"column":0},"end":{"line":16,"column":54}},"5":{"start":{"line":22,"column":0},"end":{"line":22,"column":58}},"6":{"start":{"line":25,"column":0},"end":{"line":25,"column":60}},"7":{"start":{"line":28,"column":0},"end":{"line":28,"column":58}},"8":{"start":{"line":31,"column":0},"end":{"line":31,"column":60}},"9":{"start":{"line":34,"column":0},"end":{"line":34,"column":47}},"10":{"start":{"line":37,"column":0},"end":{"line":37,"column":42}},"11":{"start":{"line":44,"column":0},"end":{"line":44,"column":23}}},"fnMap":{},"branchMap":{},"s":{"0":1,"1":1,"2":1,"3":1,"4":1,"5":1,"6":1,"7":1,"8":1,"9":1,"10":1,"11":1},"f":{},"b":{},"_coverageSchema":"1a1c01bbd47fc00a2c39e90264f33305004495a9","hash":"029064e9d236d7559e74aad8939394e2cc1e0270"}
,"/home/ninja/Desktop/Wisdom-Build/Wisdom-build/startup/db.js": {"path":"/home/ninja/Desktop/Wisdom-Build/Wisdom-build/startup/db.js","statementMap":{"0":{"start":{"line":1,"column":17},"end":{"line":1,"column":36}},"1":{"start":{"line":3,"column":15},"end":{"line":3,"column":32}},"2":{"start":{"line":4,"column":15},"end":{"line":4,"column":35}},"3":{"start":{"line":7,"column":0},"end":{"line":13,"column":1}},"4":{"start":{"line":8,"column":17},"end":{"line":8,"column":33}},"5":{"start":{"line":9,"column":2},"end":{"line":12,"column":38}},"6":{"start":{"line":11,"column":16},"end":{"line":11,"column":53}},"7":{"start":{"line":12,"column":20},"end":{"line":12,"column":37}}},"fnMap":{"0":{"name":"(anonymous_0)","decl":{"start":{"line":7,"column":17},"end":{"line":7,"column":18}},"loc":{"start":{"line":7,"column":32},"end":{"line":13,"column":1}},"line":7},"1":{"name":"(anonymous_1)","decl":{"start":{"line":11,"column":10},"end":{"line":11,"column":11}},"loc":{"start":{"line":11,"column":16},"end":{"line":11,"column":53}},"line":11},"2":{"name":"(anonymous_2)","decl":{"start":{"line":12,"column":11},"end":{"line":12,"column":12}},"loc":{"start":{"line":12,"column":20},"end":{"line":12,"column":37}},"line":12}},"branchMap":{},"s":{"0":1,"1":1,"2":1,"3":1,"4":1,"5":1,"6":1,"7":0},"f":{"0":1,"1":1,"2":0},"b":{},"_coverageSchema":"1a1c01bbd47fc00a2c39e90264f33305004495a9","hash":"af60b92d1e045f47be687aff11507eb057a674e8"}
,"/home/ninja/Desktop/Wisdom-Build/Wisdom-build/startup/logging.js": {"path":"/home/ninja/Desktop/Wisdom-Build/Wisdom-build/startup/logging.js","statementMap":{"0":{"start":{"line":2,"column":16},"end":{"line":2,"column":34}},"1":{"start":{"line":3,"column":46},"end":{"line":3,"column":60}},"2":{"start":{"line":4,"column":17},"end":{"line":6,"column":2}},"3":{"start":{"line":5,"column":2},"end":{"line":5,"column":56}},"4":{"start":{"line":8,"column":15},"end":{"line":19,"column":2}},"5":{"start":{"line":21,"column":0},"end":{"line":21,"column":23}}},"fnMap":{"0":{"name":"(anonymous_0)","decl":{"start":{"line":4,"column":24},"end":{"line":4,"column":25}},"loc":{"start":{"line":4,"column":66},"end":{"line":6,"column":1}},"line":4}},"branchMap":{},"s":{"0":1,"1":1,"2":1,"3":3,"4":1,"5":1},"f":{"0":3},"b":{},"_coverageSchema":"1a1c01bbd47fc00a2c39e90264f33305004495a9","hash":"4d2e6f1f295e688b89ee8259ffa99517c3ca2138"}
,"/home/ninja/Desktop/Wisdom-Build/Wisdom-build/startup/routes.js": {"path":"/home/ninja/Desktop/Wisdom-Build/Wisdom-build/startup/routes.js","statementMap":{"0":{"start":{"line":1,"column":16},"end":{"line":1,"column":34}},"1":{"start":{"line":2,"column":21},"end":{"line":2,"column":45}},"2":{"start":{"line":3,"column":13},"end":{"line":3,"column":28}},"3":{"start":{"line":7,"column":20},"end":{"line":13,"column":1}},"4":{"start":{"line":16,"column":35},"end":{"line":16,"column":64}},"5":{"start":{"line":17,"column":19},"end":{"line":17,"column":45}},"6":{"start":{"line":18,"column":19},"end":{"line":18,"column":44}},"7":{"start":{"line":19,"column":19},"end":{"line":19,"column":45}},"8":{"start":{"line":20,"column":22},"end":{"line":20,"column":51}},"9":{"start":{"line":21,"column":19},"end":{"line":21,"column":44}},"10":{"start":{"line":24,"column":0},"end":{"line":39,"column":1}},"11":{"start":{"line":26,"column":2},"end":{"line":26,"column":34}},"12":{"start":{"line":27,"column":2},"end":{"line":27,"column":25}},"13":{"start":{"line":28,"column":2},"end":{"line":28,"column":25}},"14":{"start":{"line":29,"column":2},"end":{"line":29,"column":28}},"15":{"start":{"line":32,"column":2},"end":{"line":32,"column":25}},"16":{"start":{"line":33,"column":2},"end":{"line":33,"column":30}},"17":{"start":{"line":34,"column":2},"end":{"line":34,"column":34}},"18":{"start":{"line":35,"column":2},"end":{"line":35,"column":35}},"19":{"start":{"line":36,"column":2},"end":{"line":36,"column":27}},"20":{"start":{"line":37,"column":2},"end":{"line":37,"column":35}},"21":{"start":{"line":38,"column":2},"end":{"line":38,"column":41}}},"fnMap":{"0":{"name":"(anonymous_0)","decl":{"start":{"line":24,"column":17},"end":{"line":24,"column":18}},"loc":{"start":{"line":24,"column":32},"end":{"line":39,"column":1}},"line":24}},"branchMap":{},"s":{"0":1,"1":1,"2":1,"3":1,"4":1,"5":1,"6":1,"7":1,"8":1,"9":1,"10":1,"11":1,"12":1,"13":1,"14":1,"15":1,"16":1,"17":1,"18":1,"19":1,"20":1,"21":1},"f":{"0":1},"b":{},"_coverageSchema":"1a1c01bbd47fc00a2c39e90264f33305004495a9","hash":"0958906921043a15b603ecf40509f92e184705c7"}
}
